[2024-11-30T01:42:00.955+0000] {manager.py:483} INFO - Processing files using up to 2 processes at a time 
[2024-11-30T01:42:00.958+0000] {manager.py:484} INFO - Process each file at most once every 30 seconds
[2024-11-30T01:42:00.958+0000] {manager.py:486} INFO - Checking for new files in /opt/airflow/dags every 300 seconds
[2024-11-30T01:42:00.959+0000] {manager.py:726} INFO - Searching for files in /opt/airflow/dags
[2024-11-30T01:42:01.097+0000] {manager.py:729} INFO - There are 1 files in /opt/airflow/dags
[2024-11-30T01:42:01.191+0000] {manager.py:854} INFO - 
================================================================================
DAG File Processing Stats

File Path                            PID  Runtime      # DAGs    # Errors  Last Runtime    Last Run
---------------------------------  -----  ---------  --------  ----------  --------------  ----------
/opt/airflow/dags/airflow_test.py    102  0.05s             0           0
================================================================================
[2024-11-30T01:42:31.344+0000] {manager.py:854} INFO - 
================================================================================
DAG File Processing Stats

File Path                          PID    Runtime      # DAGs    # Errors  Last Runtime    Last Run
---------------------------------  -----  ---------  --------  ----------  --------------  -------------------
/opt/airflow/dags/airflow_test.py                           1           0  2.36s           2024-11-30T01:42:03
================================================================================
[2024-11-30T01:43:01.479+0000] {manager.py:854} INFO - 
================================================================================
DAG File Processing Stats

File Path                          PID    Runtime      # DAGs    # Errors  Last Runtime    Last Run
---------------------------------  -----  ---------  --------  ----------  --------------  -------------------
/opt/airflow/dags/airflow_test.py                           1           0  0.69s           2024-11-30T01:42:34
================================================================================
[2024-11-30T01:43:31.979+0000] {manager.py:854} INFO - 
================================================================================
DAG File Processing Stats

File Path                          PID    Runtime      # DAGs    # Errors  Last Runtime    Last Run
---------------------------------  -----  ---------  --------  ----------  --------------  -------------------
/opt/airflow/dags/airflow_test.py                           1           0  0.68s           2024-11-30T01:43:05
================================================================================
[2024-11-30T01:44:02.148+0000] {manager.py:854} INFO - 
================================================================================
DAG File Processing Stats

File Path                          PID    Runtime      # DAGs    # Errors  Last Runtime    Last Run
---------------------------------  -----  ---------  --------  ----------  --------------  -------------------
/opt/airflow/dags/airflow_test.py                           1           0  0.68s           2024-11-30T01:43:36
================================================================================
[2024-11-30T01:44:32.319+0000] {manager.py:854} INFO - 
================================================================================
DAG File Processing Stats

File Path                          PID    Runtime      # DAGs    # Errors  Last Runtime    Last Run
---------------------------------  -----  ---------  --------  ----------  --------------  -------------------
/opt/airflow/dags/airflow_test.py                           1           0  0.59s           2024-11-30T01:44:06
================================================================================
[2024-11-30T01:45:02.507+0000] {manager.py:854} INFO - 
================================================================================
DAG File Processing Stats

File Path                          PID    Runtime      # DAGs    # Errors  Last Runtime    Last Run
---------------------------------  -----  ---------  --------  ----------  --------------  -------------------
/opt/airflow/dags/airflow_test.py                           1           0  1.44s           2024-11-30T01:44:38
================================================================================
[2024-11-30T01:45:32.700+0000] {manager.py:854} INFO - 
================================================================================
DAG File Processing Stats

File Path                          PID    Runtime      # DAGs    # Errors  Last Runtime    Last Run
---------------------------------  -----  ---------  --------  ----------  --------------  -------------------
/opt/airflow/dags/airflow_test.py                           1           0  1.28s           2024-11-30T01:45:09
================================================================================
[2024-11-30T01:46:03.137+0000] {manager.py:854} INFO - 
================================================================================
DAG File Processing Stats

File Path                          PID    Runtime      # DAGs    # Errors  Last Runtime    Last Run
---------------------------------  -----  ---------  --------  ----------  --------------  -------------------
/opt/airflow/dags/airflow_test.py                           1           0  1.23s           2024-11-30T01:45:41
================================================================================
[2024-11-30T01:46:33.522+0000] {manager.py:854} INFO - 
================================================================================
DAG File Processing Stats

File Path                          PID    Runtime      # DAGs    # Errors  Last Runtime    Last Run
---------------------------------  -----  ---------  --------  ----------  --------------  -------------------
/opt/airflow/dags/airflow_test.py                           1           0  1.25s           2024-11-30T01:46:12
================================================================================
[2024-11-30T01:47:01.116+0000] {manager.py:726} INFO - Searching for files in /opt/airflow/dags
[2024-11-30T01:47:01.204+0000] {manager.py:729} INFO - There are 1 files in /opt/airflow/dags
[2024-11-30T01:47:03.945+0000] {manager.py:854} INFO - 
================================================================================
DAG File Processing Stats

File Path                          PID    Runtime      # DAGs    # Errors  Last Runtime    Last Run
---------------------------------  -----  ---------  --------  ----------  --------------  -------------------
/opt/airflow/dags/airflow_test.py                           1           0  1.21s           2024-11-30T01:46:44
================================================================================
[2024-11-30T01:47:34.451+0000] {manager.py:854} INFO - 
================================================================================
DAG File Processing Stats

File Path                          PID    Runtime      # DAGs    # Errors  Last Runtime    Last Run
---------------------------------  -----  ---------  --------  ----------  --------------  -------------------
/opt/airflow/dags/airflow_test.py                           1           0  1.41s           2024-11-30T01:47:15
================================================================================
[2024-11-30T01:48:05.050+0000] {manager.py:854} INFO - 
================================================================================
DAG File Processing Stats

File Path                          PID    Runtime      # DAGs    # Errors  Last Runtime    Last Run
---------------------------------  -----  ---------  --------  ----------  --------------  -------------------
/opt/airflow/dags/airflow_test.py                           1           0  1.37s           2024-11-30T01:47:47
================================================================================
[2024-11-30T01:48:35.580+0000] {manager.py:854} INFO - 
================================================================================
DAG File Processing Stats

File Path                          PID    Runtime      # DAGs    # Errors  Last Runtime    Last Run
---------------------------------  -----  ---------  --------  ----------  --------------  -------------------
/opt/airflow/dags/airflow_test.py                           1           0  1.21s           2024-11-30T01:48:18
================================================================================
[2024-11-30T01:49:05.929+0000] {manager.py:854} INFO - 
================================================================================
DAG File Processing Stats

File Path                          PID    Runtime      # DAGs    # Errors  Last Runtime    Last Run
---------------------------------  -----  ---------  --------  ----------  --------------  -------------------
/opt/airflow/dags/airflow_test.py                           1           0  0.72s           2024-11-30T01:48:49
================================================================================
[2024-11-30T01:49:36.078+0000] {manager.py:854} INFO - 
================================================================================
DAG File Processing Stats

File Path                          PID    Runtime      # DAGs    # Errors  Last Runtime    Last Run
---------------------------------  -----  ---------  --------  ----------  --------------  -------------------
/opt/airflow/dags/airflow_test.py                           1           0  0.64s           2024-11-30T01:49:20
================================================================================
[2024-11-30T01:50:06.111+0000] {manager.py:854} INFO - 
================================================================================
DAG File Processing Stats

File Path                          PID    Runtime      # DAGs    # Errors  Last Runtime    Last Run
---------------------------------  -----  ---------  --------  ----------  --------------  -------------------
/opt/airflow/dags/airflow_test.py                           1           0  0.65s           2024-11-30T01:49:51
================================================================================
[2024-11-30T01:50:36.610+0000] {manager.py:854} INFO - 
================================================================================
DAG File Processing Stats

File Path                          PID    Runtime      # DAGs    # Errors  Last Runtime    Last Run
---------------------------------  -----  ---------  --------  ----------  --------------  -------------------
/opt/airflow/dags/airflow_test.py                           1           0  0.67s           2024-11-30T01:50:21
================================================================================
[2024-11-30T01:51:06.704+0000] {manager.py:854} INFO - 
================================================================================
DAG File Processing Stats

File Path                          PID    Runtime      # DAGs    # Errors  Last Runtime    Last Run
---------------------------------  -----  ---------  --------  ----------  --------------  -------------------
/opt/airflow/dags/airflow_test.py                           1           0  0.60s           2024-11-30T01:50:52
================================================================================
[2024-11-30T01:51:37.252+0000] {manager.py:854} INFO - 
================================================================================
DAG File Processing Stats

File Path                          PID    Runtime      # DAGs    # Errors  Last Runtime    Last Run
---------------------------------  -----  ---------  --------  ----------  --------------  -------------------
/opt/airflow/dags/airflow_test.py                           1           0  0.80s           2024-11-30T01:51:23
================================================================================
[2024-11-30T01:52:01.379+0000] {manager.py:726} INFO - Searching for files in /opt/airflow/dags
[2024-11-30T01:52:01.435+0000] {manager.py:729} INFO - There are 1 files in /opt/airflow/dags
[2024-11-30T01:52:07.481+0000] {manager.py:854} INFO - 
================================================================================
DAG File Processing Stats

File Path                          PID    Runtime      # DAGs    # Errors  Last Runtime    Last Run
---------------------------------  -----  ---------  --------  ----------  --------------  -------------------
/opt/airflow/dags/airflow_test.py                           1           0  0.60s           2024-11-30T01:51:54
================================================================================
[2024-11-30T01:52:37.974+0000] {manager.py:854} INFO - 
================================================================================
DAG File Processing Stats

File Path                          PID    Runtime      # DAGs    # Errors  Last Runtime    Last Run
---------------------------------  -----  ---------  --------  ----------  --------------  -------------------
/opt/airflow/dags/airflow_test.py                           1           0  0.71s           2024-11-30T01:52:25
================================================================================
[2024-11-30T01:53:08.104+0000] {manager.py:854} INFO - 
================================================================================
DAG File Processing Stats

File Path                          PID    Runtime      # DAGs    # Errors  Last Runtime    Last Run
---------------------------------  -----  ---------  --------  ----------  --------------  -------------------
/opt/airflow/dags/airflow_test.py                           1           0  0.59s           2024-11-30T01:52:56
================================================================================
[2024-11-30T01:53:38.666+0000] {manager.py:854} INFO - 
================================================================================
DAG File Processing Stats

File Path                          PID    Runtime      # DAGs    # Errors  Last Runtime    Last Run
---------------------------------  -----  ---------  --------  ----------  --------------  -------------------
/opt/airflow/dags/airflow_test.py                           1           0  0.61s           2024-11-30T01:53:26
================================================================================
[2024-11-30T01:54:08.772+0000] {manager.py:854} INFO - 
================================================================================
DAG File Processing Stats

File Path                          PID    Runtime      # DAGs    # Errors  Last Runtime    Last Run
---------------------------------  -----  ---------  --------  ----------  --------------  -------------------
/opt/airflow/dags/airflow_test.py                           1           0  0.73s           2024-11-30T01:53:57
================================================================================
[2024-11-30T01:54:39.186+0000] {manager.py:854} INFO - 
================================================================================
DAG File Processing Stats

File Path                          PID    Runtime      # DAGs    # Errors  Last Runtime    Last Run
---------------------------------  -----  ---------  --------  ----------  --------------  -------------------
/opt/airflow/dags/airflow_test.py                           1           0  0.75s           2024-11-30T01:54:28
================================================================================
[2024-11-30T01:55:09.339+0000] {manager.py:854} INFO - 
================================================================================
DAG File Processing Stats

File Path                          PID    Runtime      # DAGs    # Errors  Last Runtime    Last Run
---------------------------------  -----  ---------  --------  ----------  --------------  -------------------
/opt/airflow/dags/airflow_test.py                           1           0  0.83s           2024-11-30T01:54:59
================================================================================
[2024-11-30T01:55:39.504+0000] {manager.py:854} INFO - 
================================================================================
DAG File Processing Stats

File Path                          PID    Runtime      # DAGs    # Errors  Last Runtime    Last Run
---------------------------------  -----  ---------  --------  ----------  --------------  -------------------
/opt/airflow/dags/airflow_test.py                           1           0  0.77s           2024-11-30T01:55:30
================================================================================
[2024-11-30T01:56:09.727+0000] {manager.py:854} INFO - 
================================================================================
DAG File Processing Stats

File Path                          PID    Runtime      # DAGs    # Errors  Last Runtime    Last Run
---------------------------------  -----  ---------  --------  ----------  --------------  -------------------
/opt/airflow/dags/airflow_test.py                           1           0  0.68s           2024-11-30T01:56:01
================================================================================
[2024-11-30T01:56:39.887+0000] {manager.py:854} INFO - 
================================================================================
DAG File Processing Stats

File Path                          PID    Runtime      # DAGs    # Errors  Last Runtime    Last Run
---------------------------------  -----  ---------  --------  ----------  --------------  -------------------
/opt/airflow/dags/airflow_test.py                           1           0  0.77s           2024-11-30T01:56:32
================================================================================
[2024-11-30T01:57:02.003+0000] {manager.py:726} INFO - Searching for files in /opt/airflow/dags
[2024-11-30T01:57:02.053+0000] {manager.py:729} INFO - There are 1 files in /opt/airflow/dags
[2024-11-30T01:57:10.080+0000] {manager.py:854} INFO - 
================================================================================
DAG File Processing Stats

File Path                          PID    Runtime      # DAGs    # Errors  Last Runtime    Last Run
---------------------------------  -----  ---------  --------  ----------  --------------  -------------------
/opt/airflow/dags/airflow_test.py                           1           0  0.66s           2024-11-30T01:57:03
================================================================================
[2024-11-30T01:57:40.119+0000] {manager.py:854} INFO - 
================================================================================
DAG File Processing Stats

File Path                          PID    Runtime      # DAGs    # Errors  Last Runtime    Last Run
---------------------------------  -----  ---------  --------  ----------  --------------  -------------------
/opt/airflow/dags/airflow_test.py                           1           0  0.88s           2024-11-30T01:57:34
================================================================================
[2024-11-30T01:58:10.721+0000] {manager.py:854} INFO - 
================================================================================
DAG File Processing Stats

File Path                          PID    Runtime      # DAGs    # Errors  Last Runtime    Last Run
---------------------------------  -----  ---------  --------  ----------  --------------  -------------------
/opt/airflow/dags/airflow_test.py                           1           0  0.62s           2024-11-30T01:58:04
================================================================================
[2024-11-30T01:58:40.734+0000] {manager.py:854} INFO - 
================================================================================
DAG File Processing Stats

File Path                          PID    Runtime      # DAGs    # Errors  Last Runtime    Last Run
---------------------------------  -----  ---------  --------  ----------  --------------  -------------------
/opt/airflow/dags/airflow_test.py                           1           0  0.69s           2024-11-30T01:58:35
================================================================================
[2024-11-30T01:59:11.194+0000] {manager.py:854} INFO - 
================================================================================
DAG File Processing Stats

File Path                          PID    Runtime      # DAGs    # Errors  Last Runtime    Last Run
---------------------------------  -----  ---------  --------  ----------  --------------  -------------------
/opt/airflow/dags/airflow_test.py                           1           0  0.67s           2024-11-30T01:59:06
================================================================================
[2024-11-30T01:59:41.341+0000] {manager.py:854} INFO - 
================================================================================
DAG File Processing Stats

File Path                          PID    Runtime      # DAGs    # Errors  Last Runtime    Last Run
---------------------------------  -----  ---------  --------  ----------  --------------  -------------------
/opt/airflow/dags/airflow_test.py                           1           0  0.63s           2024-11-30T01:59:37
================================================================================
[2024-11-30T02:00:11.879+0000] {manager.py:854} INFO - 
================================================================================
DAG File Processing Stats

File Path                          PID    Runtime      # DAGs    # Errors  Last Runtime    Last Run
---------------------------------  -----  ---------  --------  ----------  --------------  -------------------
/opt/airflow/dags/airflow_test.py                           1           0  0.67s           2024-11-30T02:00:08
================================================================================
[2024-11-30T02:00:41.954+0000] {manager.py:854} INFO - 
================================================================================
DAG File Processing Stats

File Path                          PID    Runtime      # DAGs    # Errors  Last Runtime    Last Run
---------------------------------  -----  ---------  --------  ----------  --------------  -------------------
/opt/airflow/dags/airflow_test.py                           1           0  0.64s           2024-11-30T02:00:38
================================================================================
[2024-11-30T02:01:12.460+0000] {manager.py:854} INFO - 
================================================================================
DAG File Processing Stats

File Path                          PID    Runtime      # DAGs    # Errors  Last Runtime    Last Run
---------------------------------  -----  ---------  --------  ----------  --------------  -------------------
/opt/airflow/dags/airflow_test.py                           1           0  0.61s           2024-11-30T02:01:09
================================================================================
