[2024-11-30T01:44:15.375+0000] {taskinstance.py:1083} INFO - Dependencies all met for <TaskInstance: Airflow_Lab1.build_save_model_task manual__2024-11-30T01:43:54+00:00 [queued]>
[2024-11-30T01:44:15.386+0000] {taskinstance.py:1083} INFO - Dependencies all met for <TaskInstance: Airflow_Lab1.build_save_model_task manual__2024-11-30T01:43:54+00:00 [queued]>
[2024-11-30T01:44:15.387+0000] {taskinstance.py:1279} INFO - 
--------------------------------------------------------------------------------
[2024-11-30T01:44:15.388+0000] {taskinstance.py:1280} INFO - Starting attempt 1 of 1
[2024-11-30T01:44:15.388+0000] {taskinstance.py:1281} INFO - 
--------------------------------------------------------------------------------
[2024-11-30T01:44:15.403+0000] {taskinstance.py:1300} INFO - Executing <Task(PythonOperator): build_save_model_task> on 2024-11-30 01:43:54+00:00
[2024-11-30T01:44:15.413+0000] {standard_task_runner.py:55} INFO - Started process 391 to run task
[2024-11-30T01:44:15.417+0000] {standard_task_runner.py:82} INFO - Running: ['***', 'tasks', 'run', 'Airflow_Lab1', 'build_save_model_task', 'manual__2024-11-30T01:43:54+00:00', '--job-id', '7', '--raw', '--subdir', 'DAGS_FOLDER/***_test.py', '--cfg-path', '/tmp/tmpcxxfmms9']
[2024-11-30T01:44:15.420+0000] {standard_task_runner.py:83} INFO - Job 7: Subtask build_save_model_task
[2024-11-30T01:44:15.522+0000] {task_command.py:388} INFO - Running <TaskInstance: Airflow_Lab1.build_save_model_task manual__2024-11-30T01:43:54+00:00 [running]> on host 0ad9afc8453f
[2024-11-30T01:44:15.622+0000] {taskinstance.py:1509} INFO - Exporting the following env vars:
AIRFLOW_CTX_DAG_OWNER=stephy
AIRFLOW_CTX_DAG_ID=Airflow_Lab1
AIRFLOW_CTX_TASK_ID=build_save_model_task
AIRFLOW_CTX_EXECUTION_DATE=2024-11-30T01:43:54+00:00
AIRFLOW_CTX_TRY_NUMBER=1
AIRFLOW_CTX_DAG_RUN_ID=manual__2024-11-30T01:43:54+00:00
[2024-11-30T01:48:46.761+0000] {python.py:177} INFO - Done. Returned value was: [250.32804209291436, 128.89457877623195, 91.64833975738135, 72.46921532440922, 59.86140695977857, 52.062042375091096, 46.711186548043045, 41.5032647516714, 36.928237093919705, 33.986075968719675, 31.158171667913738, 28.845480032058717, 26.874432296111298, 25.999512369945634, 24.185078072393754, 22.713950061729744, 21.640087323981117, 20.780304808225495, 19.976783465801404, 19.438669340270895, 19.066399314354562, 18.446853884604554, 17.947211161985987, 16.89880742487726, 16.963181977976223, 16.582840757316493, 15.835651544091528, 15.775551490571996, 15.385507317533204, 15.020243180409228, 14.882873240965242, 14.607686984302395, 14.306186090616878, 13.891614733454855, 13.805485778871224, 13.361866184299286, 13.367890857521074, 13.073601934790835, 12.98119689135762, 13.02857839810031, 12.867008418863993, 12.617297944046323, 12.38297342503451, 12.11263467122803, 11.836539142218324, 11.57738592066552, 11.128836068114506, 11.062804545149202, 11.158174940252099]
[2024-11-30T01:48:46.793+0000] {taskinstance.py:1323} INFO - Marking task as SUCCESS. dag_id=Airflow_Lab1, task_id=build_save_model_task, execution_date=20241130T014354, start_date=20241130T014415, end_date=20241130T014846
[2024-11-30T01:48:46.853+0000] {local_task_job.py:208} INFO - Task exited with return code 0
[2024-11-30T01:48:46.873+0000] {taskinstance.py:2578} INFO - 1 downstream tasks scheduled from follow-on schedule check
